┌ Info: 2026-06-20T16:57:15.194 [24024:1]: Pre-Initializing Simulation States
└ @ PowerSimulationsDynamics C:\Users\ajeye\.julia\dev\PowerSimulationsDynamics\src\base\simulation.jl:265
┌ Info: 2026-06-20T16:57:15.194 [24024:1]: The TrustRegionACPowerFlow solver converged after 3 iterations.
└ @ PowerFlows C:\Users\ajeye\.julia\packages\PowerFlows\Ilrf1\src\powerflow_method.jl:314
┌ Info: 2026-06-20T16:57:15.210 [24024:1]: PowerFlow solve converged, the results have been stored in the system
└ @ PowerFlows C:\Users\ajeye\.julia\packages\PowerFlows\Ilrf1\src\solve_ac_powerflow.jl:62
┌ Info: 2026-06-20T16:57:15.212 [24024:1]: Residual from initial guess: max = 7.389822087588983e-9 at 242, total = 9.843261504110725e-8
└ @ PowerSimulationsDynamics C:\Users\ajeye\.julia\dev\PowerSimulationsDynamics\src\base\nlsolve_wrapper.jl:115
┌ Info: 2026-06-20T16:57:15.258 [24024:1]: Initialization non-linear solve succeeded with a tolerance of 1.0e-9 using solver trust_region. Saving solution.
└ @ PowerSimulationsDynamics C:\Users\ajeye\.julia\dev\PowerSimulationsDynamics\src\base\nlsolve_wrapper.jl:82
┌ Info: 2026-06-20T16:57:15.258 [24024:1]: Attaching Perturbations
└ @ PowerSimulationsDynamics C:\Users\ajeye\.julia\dev\PowerSimulationsDynamics\src\base\simulation.jl:299
┌ Info: 2026-06-20T16:57:15.258 [24024:1]: Simulations status = BUILT
└ @ PowerSimulationsDynamics C:\Users\ajeye\.julia\dev\PowerSimulationsDynamics\src\base\simulation.jl:462
┌ Info: 2026-06-20T16:57:15.258 [24024:1]: 
│ ──────────────────────────────────────────────────────────────────────────────────────
│                                                            Time          Allocations  
│                                                      ───────────────   ───────────────
│                    Total measured:                       56.1ms            33.1MiB    
│ 
│ Section                                      ncalls     time    %tot     alloc    %tot
│ ──────────────────────────────────────────────────────────────────────────────────────
│ Build Simulation                                  1   56.1ms  100.0%   33.1MiB  100.0%
│   Build Simulation Inputs                         1   3.28ms    5.8%    462KiB    1.4%
│     Wrap Branches                                 1    314μs    0.6%   56.9KiB    0.2%
│     Wrap Dynamic Injectors                        1   1.47ms    2.6%    166KiB    0.5%
│     Calculate MM, DAE_vector, Total Shunts        1    265μs    0.5%   69.8KiB    0.2%
│     Wrap Static Injectors                         1    155μs    0.3%   5.36KiB    0.0%
│   Pre-initialization                              1   7.49ms   13.4%    878KiB    2.6%
│     Power Flow solution                           1   5.79ms   10.3%    380KiB    1.1%
│     Initialize Static Injectors                   1   1.40μs    0.0%     64.0B    0.0%
│     Initialize Dynamic Injectors                  1   1.21ms    2.2%    464KiB    1.4%
│     Initialize Dynamic Branches                   1   42.0μs    0.1%   14.9KiB    0.0%
│   Calculate Jacobian                              1   10.1ms   18.0%   17.0MiB   51.4%
│   Make Model Function                             1   11.5μs    0.0%   4.12KiB    0.0%
│   Initial Condition NLsolve refinement            1   34.8ms   62.1%   14.7MiB   44.5%
│   Build Perturbations                             1   86.0μs    0.2%   12.6KiB    0.0%
│   Make DiffEq Problem                             1    261μs    0.5%   14.6KiB    0.0%
│ ──────────────────────────────────────────────────────────────────────────────────────
│ 
└ @ PowerSimulationsDynamics C:\Users\ajeye\.julia\dev\PowerSimulationsDynamics\src\base\simulation.jl:487
